original article: https://www.doi.org/10.3389/fonc.2020.00298
- TLR4/MyD88 mediates skeletal muscle wasting
  - https://www.doi.org/10.1128/MCB.00184-19
  - https://www.doi.org/10.1038/sj.bjc.6605558
original article: https://www.doi.org/10.1038/s41416-022-01826-2
- Systemic inflammation and outcomes in patients
  - https://www.doi.org/10.1016/S1470-2045(14)70263-3
  - https://www.doi.org/10.1038/bjc.2014.90
  - https://www.doi.org/10.1038/s41598-017-16955-5
  - https://www.doi.org/10.1016/j.critrevonc.2017.06.002
  - https://www.doi.org/10.1016/j.critrevonc.2018.09.016
original article: https://www.doi.org/10.3389/fpain.2022.971295
- Involvement of inflammation in cachexia
  - https://www.doi.org/10.1038/nrdp.2017.105
  - https://www.doi.org/10.1038/s41574-018-0123-0
  - https://www.doi.org/10.1038/nrc3829
  - https://www.doi.org/10.1038/s41416-022-01826-2
  - https://www.doi.org/10.1038/sj.bjc.6604828
- Non-inflammatory mediators activin A, myostatin, GDF15, lipocalin-2
  - https://www.doi.org/10.1016/j.trecan.2022.01.004
