- Logic gates
  - https://www.doi.org/10.1038/msb4100173
  - https://www.doi.org/10.1038/nature11149
  - https://www.doi.org/10.1002/bit.25001
  - https://www.doi.org/10.1126/science.aac7341 ref 22
  - https://www.doi.org/10.1126/science.1232758
  - https://www.doi.org/10.1073/pnas.1202344109
- Memory devices
  - https://www.doi.org/10.1038/nmeth.3147
  - https://www.doi.org/10.1073/pnas.0500345102
  - https://www.doi.org/10.1038/nature12148
  - https://www.doi.org/10.1038/nature08753
  - https://www.doi.org/10.1073/pnas.0307571101
- Analog computation
  - https://www.doi.org/10.1038/nature07616
- Dynamic circuits
  - https://www.doi.org/10.1038/nrm2904
  - https://www.doi.org/10.1038/nature11516
  - https://www.doi.org/10.1016/j.ces.2013.03.021
  - https://www.doi.org/10.1038/nbt.1536
  - https://www.doi.org/10.1038/nbt.2149
- Applications
  - https://www.doi.org/10.1038/463288a
  - https://www.doi.org/10.1038/nrm2698
